2022-12-04T12:03:11.146Z [gpc-api] info: API Started!
2022-12-04T12:04:27.391Z [gpc-api] info: API Started!
2022-12-04T12:08:46.928Z [gpc-api] info: API Started!
2022-12-04T12:10:51.549Z [gpc-api] info: API Started!
2022-12-04T12:13:00.556Z [gpc-api] info: API Started!
2022-12-04T12:16:10.437Z [gpc-api] info: API Started!
2022-12-04T12:23:47.612Z [gpc-api] info: API Started!
2022-12-04T12:25:12.518Z [gpc-api] info: API Started!
2022-12-04T13:01:32.538Z [gpc-api] info: API Started!
2022-12-04T13:02:22.943Z [gpc-api] info: API Started!
2022-12-04T13:02:37.561Z [gpc-api] info: API Started!
2022-12-04T13:02:44.322Z [gpc-api] info: API Started!
2022-12-04T13:03:01.587Z [gpc-api] info: API Started!
2022-12-04T13:03:11.588Z [gpc-api] info: API Started!
2022-12-04T13:03:18.222Z [gpc-api] info: API Started!
2022-12-04T13:06:34.524Z [gpc-api] info: GET /config_tc
2022-12-04T13:06:39.425Z [gpc-api] info: POST /config_tc - undefined
2022-12-04T13:07:23.418Z [gpc-api] info: DELETE /config_tc/:id - 1
2022-12-04T13:07:31.281Z [gpc-api] info: GET /config_tc/:id
2022-12-04T13:08:47.022Z [gpc-api] info: POST /config_tc - undefined
2022-12-04T13:17:50.257Z [gpc-api] info: API Started!
2022-12-04T13:18:24.515Z [gpc-api] info: API Started!
2022-12-04T13:19:13.993Z [gpc-api] info: API Started!
2022-12-04T13:21:52.468Z [gpc-api] info: API Started!
2022-12-04T13:22:24.610Z [gpc-api] info: API Started!
2022-12-04T13:24:17.074Z [gpc-api] info: API Started!
2022-12-04T13:25:14.092Z [gpc-api] info: API Started!
2022-12-04T13:27:26.773Z [gpc-api] info: API Started!
2022-12-04T13:28:15.472Z [gpc-api] info: API Started!
2022-12-04T13:28:40.015Z [gpc-api] info: API Started!
2022-12-04T13:30:22.869Z [gpc-api] info: API Started!
2022-12-04T13:31:20.104Z [gpc-api] info: API Started!
2022-12-04T13:32:16.783Z [gpc-api] info: API Started!
2022-12-04T13:35:30.129Z [gpc-api] info: API Started!
2022-12-04T13:38:26.322Z [gpc-api] info: API Started!
2022-12-04T13:43:34.084Z [gpc-api] info: API Started!
2022-12-04T13:44:36.629Z [gpc-api] info: API Started!
2022-12-04T13:44:48.188Z [gpc-api] info: API Started!
2022-12-04T13:46:26.375Z [gpc-api] info: API Started!
2022-12-04T13:47:28.111Z [gpc-api] info: API Started!
2022-12-04T13:50:26.773Z [gpc-api] info: API Started!
2022-12-04T13:51:02.461Z [gpc-api] info: API Started!
2022-12-04T13:53:15.806Z [gpc-api] info: API Started!
2022-12-04T13:53:23.132Z [gpc-api] info: API Started!
2022-12-04T13:58:43.045Z [gpc-api] info: API Started!
2022-12-04T13:59:00.196Z [gpc-api] info: API Started!
2022-12-04T14:00:42.406Z [gpc-api] info: API Started!
2022-12-04T14:15:25.221Z [gpc-api] info: API Started!
2022-12-04T14:15:40.050Z [gpc-api] info: API Started!
2022-12-04T14:17:53.566Z [gpc-api] info: API Started!
2022-12-04T14:34:20.634Z [gpc-api] info: API Started!
2022-12-06T20:17:27.982Z [gpc-api] info: API Started!
2022-12-06T20:22:44.289Z [gpc-api] info: API Started!
2022-12-06T20:24:08.220Z [gpc-api] info: API Started!
2022-12-06T20:25:35.854Z [gpc-api] info: GET /config_tc
2022-12-06T20:27:54.612Z [gpc-api] info: API Started!
2022-12-06T20:29:37.453Z [gpc-api] info: API Started!
2022-12-06T20:35:28.368Z [gpc-api] info: API Started!
2022-12-06T20:43:31.460Z [gpc-api] info: API Started!
2022-12-06T20:49:30.312Z [gpc-api] info: API Started!
2022-12-06T20:52:55.329Z [gpc-api] info: API Started!
2022-12-06T20:58:10.291Z [gpc-api] info: API Started!
2022-12-06T20:58:49.403Z [gpc-api] info: API Started!
2022-12-06T21:19:13.533Z [gpc-api] info: API Started!
2022-12-06T21:20:18.131Z [gpc-api] info: API Started!
2022-12-06T21:21:36.851Z [gpc-api] info: API Started!
2022-12-06T21:22:04.020Z [gpc-api] info: API Started!
2022-12-06T21:28:26.358Z [gpc-api] info: API Started!
2022-12-06T21:32:02.024Z [gpc-api] info: API Started!
2022-12-06T21:33:04.267Z [gpc-api] info: API Started!
2022-12-06T21:56:53.483Z [gpc-api] info: API Started!
2022-12-06T21:57:54.219Z [gpc-api] info: API Started!
2022-12-06T21:59:18.826Z [gpc-api] info: API Started!
2022-12-06T22:04:06.572Z [gpc-api] info: API Started!
2022-12-06T22:09:46.076Z [gpc-api] info: API Started!
2022-12-06T22:10:39.696Z [gpc-api] info: API Started!
2022-12-06T22:11:33.983Z [gpc-api] info: API Started!
2022-12-06T22:12:17.434Z [gpc-api] info: API Started!
2022-12-06T22:18:16.349Z [gpc-api] info: API Started!
2022-12-06T22:33:16.669Z [gpc-api] info: API Started!
2022-12-06T22:42:20.565Z [gpc-api] info: API Started!
2022-12-06T22:42:50.032Z [gpc-api] info: API Started!
2022-12-06T22:43:24.472Z [gpc-api] info: API Started!
2022-12-06T22:44:22.140Z [gpc-api] info: API Started!
2022-12-06T22:45:17.592Z [gpc-api] info: API Started!
2022-12-06T22:46:03.538Z [gpc-api] info: API Started!
2022-12-06T22:46:44.784Z [gpc-api] info: API Started!
2022-12-06T22:48:21.472Z [gpc-api] info: API Started!
2022-12-06T22:50:16.113Z [gpc-api] info: API Started!
2022-12-06T22:53:30.774Z [gpc-api] info: API Started!
2022-12-06T22:54:10.584Z [gpc-api] info: API Started!
2022-12-06T22:54:19.998Z [gpc-api] info: API Started!
2022-12-06T22:55:58.498Z [gpc-api] info: API Started!
2022-12-06T22:58:24.294Z [gpc-api] info: API Started!
2022-12-06T22:59:03.164Z [gpc-api] info: API Started!
2022-12-06T23:02:11.569Z [gpc-api] info: API Started!
2022-12-06T23:04:33.855Z [gpc-api] info: API Started!
2022-12-06T23:07:49.280Z [gpc-api] info: API Started!
2022-12-06T23:08:19.891Z [gpc-api] info: API Started!
2022-12-06T23:34:34.919Z [gpc-api] info: API Started!
2022-12-06T23:40:46.881Z [gpc-api] info: API Started!
2022-12-06T23:41:44.990Z [gpc-api] info: API Started!
2022-12-06T23:42:31.440Z [gpc-api] info: GET /config_tc
2022-12-06T23:42:43.827Z [gpc-api] error: GET  - A tipologia procurada não existe ou não está ativa
2022-12-06T23:43:17.206Z [gpc-api] info: GET /config_tc
2022-12-06T23:46:51.665Z [gpc-api] error: POST  - notNull Violation: typologies.status cannot be null
2022-12-06T23:47:19.217Z [gpc-api] info: POST /config_tc - {"typology":"Gerenciais","description":"É uma tipologia que gerencia","status":true}
2022-12-06T23:47:23.256Z [gpc-api] info: GET /config_tc
2022-12-06T23:51:04.284Z [gpc-api] info: API Started!
2022-12-06T23:51:07.756Z [gpc-api] info: GET /config_tc
2022-12-06T23:51:39.196Z [gpc-api] info: API Started!
2022-12-06T23:52:05.340Z [gpc-api] info: API Started!
2022-12-06T23:52:59.698Z [gpc-api] info: API Started!
2022-12-06T23:59:14.871Z [gpc-api] info: API Started!
2022-12-07T00:01:36.204Z [gpc-api] info: API Started!
2022-12-07T00:17:45.095Z [gpc-api] info: API Started!
2022-12-07T00:18:45.685Z [gpc-api] info: API Started!
2022-12-07T00:19:10.572Z [gpc-api] info: API Started!
2022-12-07T00:19:13.129Z [gpc-api] info: API Started!
2022-12-07T00:23:51.883Z [gpc-api] info: API Started!
2022-12-07T00:24:38.259Z [gpc-api] info: API Started!
2022-12-07T00:31:02.180Z [gpc-api] info: API Started!
2022-12-07T00:32:17.396Z [gpc-api] info: API Started!
2022-12-07T00:33:03.908Z [gpc-api] info: API Started!
2022-12-07T00:34:00.864Z [gpc-api] info: API Started!
2022-12-07T00:35:42.178Z [gpc-api] info: API Started!
2022-12-07T00:38:54.103Z [gpc-api] info: API Started!
2022-12-07T00:41:35.342Z [gpc-api] info: API Started!
2022-12-09T00:18:33.375Z [gpc-api] info: API Started!
2022-12-09T00:19:54.293Z [gpc-api] info: API Started!
2022-12-09T00:20:26.003Z [gpc-api] info: API Started!
2022-12-09T00:22:28.051Z [gpc-api] info: API Started!
2022-12-09T00:24:21.563Z [gpc-api] info: API Started!
2022-12-09T00:26:55.552Z [gpc-api] info: API Started!
2022-12-09T00:28:02.780Z [gpc-api] info: API Started!
2022-12-09T00:29:20.501Z [gpc-api] info: API Started!
2022-12-09T00:29:52.992Z [gpc-api] info: API Started!
2022-12-09T00:30:07.946Z [gpc-api] info: API Started!
2022-12-09T00:32:21.336Z [gpc-api] info: API Started!
2022-12-09T00:48:48.289Z [gpc-api] info: API Started!
2022-12-09T00:59:32.204Z [gpc-api] info: API Started!
2022-12-09T01:01:33.023Z [gpc-api] info: API Started!
2022-12-09T01:02:24.664Z [gpc-api] info: API Started!
2022-12-09T01:02:32.009Z [gpc-api] info: API Started!
2022-12-09T01:04:40.843Z [gpc-api] info: API Started!
2022-12-09T01:06:03.559Z [gpc-api] info: API Started!
2022-12-09T01:06:35.813Z [gpc-api] info: API Started!
2022-12-09T01:07:05.774Z [gpc-api] info: API Started!
2022-12-09T01:08:06.618Z [gpc-api] info: API Started!
2022-12-09T01:08:17.897Z [gpc-api] info: API Started!
2022-12-09T01:14:42.189Z [gpc-api] info: API Started!
2022-12-09T01:17:56.169Z [gpc-api] info: API Started!
2022-12-09T01:19:38.148Z [gpc-api] info: API Started!
2022-12-09T01:20:37.333Z [gpc-api] info: API Started!
2022-12-09T01:20:46.873Z [gpc-api] info: API Started!
2022-12-09T01:21:19.413Z [gpc-api] info: API Started!
2022-12-09T01:23:05.438Z [gpc-api] info: API Started!
2022-12-09T01:33:31.788Z [gpc-api] info: API Started!
2022-12-09T01:36:25.317Z [gpc-api] info: API Started!
2022-12-09T01:40:04.877Z [gpc-api] info: API Started!
2022-12-09T01:44:14.902Z [gpc-api] info: API Started!
2022-12-09T01:45:10.085Z [gpc-api] info: API Started!
2022-12-09T01:46:06.309Z [gpc-api] info: API Started!
2022-12-09T01:46:53.935Z [gpc-api] info: API Started!
2022-12-09T01:47:34.016Z [gpc-api] info: API Started!
2022-12-09T01:53:29.045Z [gpc-api] info: API Started!
2022-12-09T01:54:52.536Z [gpc-api] info: API Started!
2022-12-09T01:55:49.387Z [gpc-api] info: API Started!
2022-12-09T01:56:06.103Z [gpc-api] info: API Started!
2022-12-09T01:57:39.598Z [gpc-api] info: API Started!
2022-12-09T02:01:54.820Z [gpc-api] info: API Started!
2022-12-09T02:04:37.151Z [gpc-api] info: API Started!
2022-12-09T02:05:12.965Z [gpc-api] info: API Started!
2022-12-09T02:07:38.879Z [gpc-api] info: API Started!
2022-12-09T02:08:21.870Z [gpc-api] info: API Started!
2022-12-09T02:17:36.332Z [gpc-api] info: API Started!
2022-12-09T02:19:06.761Z [gpc-api] info: API Started!
2022-12-09T02:21:25.554Z [gpc-api] info: API Started!
2022-12-09T02:23:03.756Z [gpc-api] info: API Started!
2022-12-09T02:27:01.423Z [gpc-api] info: API Started!
2022-12-09T02:28:46.111Z [gpc-api] info: API Started!
2022-12-09T02:30:27.416Z [gpc-api] info: API Started!
2022-12-09T02:34:11.517Z [gpc-api] info: API Started!
2022-12-09T02:34:13.134Z [gpc-api] info: API Started!
